<?xml version="1.0" encoding="UTF-8" ?>
<testsuite tests="103" failures="0" name="it.uniroma3.runTest" time="0.008" errors="0" skipped="0">
  <properties>
    <property name="java.runtime.name" value="Java(TM) SE Runtime Environment"/>
    <property name="java.vm.version" value="12.0.2+10"/>
    <property name="sun.boot.library.path" value="C:\Program Files\Java\jdk-12.0.2\bin"/>
    <property name="maven.multiModuleProjectDirectory" value="C:\Users\anton\git\Tester\Tester"/>
    <property name="java.vm.vendor" value="Oracle Corporation"/>
    <property name="java.vendor.url" value="https://java.oracle.com/"/>
    <property name="guice.disable.misplaced.annotation.check" value="true"/>
    <property name="path.separator" value=";"/>
    <property name="java.vm.name" value="Java HotSpot(TM) 64-Bit Server VM"/>
    <property name="sun.os.patch.level" value=""/>
    <property name="user.script" value=""/>
    <property name="user.country" value="IT"/>
    <property name="sun.java.launcher" value="SUN_STANDARD"/>
    <property name="java.vm.specification.name" value="Java Virtual Machine Specification"/>
    <property name="user.dir" value="C:\Users\anton\git\Tester\Tester"/>
    <property name="java.vm.compressedOopsMode" value="Zero based"/>
    <property name="java.runtime.version" value="12.0.2+10"/>
    <property name="java.awt.graphicsenv" value="sun.awt.Win32GraphicsEnvironment"/>
    <property name="os.arch" value="amd64"/>
    <property name="java.io.tmpdir" value="C:\Users\anton\AppData\Local\Temp\"/>
    <property name="line.separator" value="
"/>
    <property name="java.vm.specification.vendor" value="Oracle Corporation"/>
    <property name="user.variant" value=""/>
    <property name="os.name" value="Windows 10"/>
    <property name="classworlds.conf" value="C:\apache-maven-3.6.3\bin\..\bin\m2.conf"/>
    <property name="sun.jnu.encoding" value="Cp1252"/>
    <property name="java.library.path" value="C:\Program Files\Java\jdk-12.0.2\bin;C:\WINDOWS\Sun\Java\bin;C:\WINDOWS\system32;C:\WINDOWS;C:\Program Files (x86)\Common Files\Oracle\Java\javapath;C:\Windows\system32;C:\Windows;C:\Windows\System32\Wbem;C:\Windows\System32\WindowsPowerShell\v1.0\;C:\Windows\System32\OpenSSH\;C:\Program Files (x86)\NVIDIA Corporation\PhysX\Common;C:\Program Files\NVIDIA Corporation\NVIDIA NvDLISR;C:\WINDOWS\system32;C:\WINDOWS;C:\WINDOWS\System32\Wbem;C:\WINDOWS\System32\WindowsPowerShell\v1.0\;C:\WINDOWS\System32\OpenSSH\;C:\TDM-GCC-64\bin;C:\Program Files\MATLAB\R2019b\bin;C:\Program Files\dotnet\;C:\Program Files\Git\cmd;C:\apache-maven-3.6.3\bin;C:\Program Files\Java\jdk-12.0.2\bin;C:\Users\anton\AppData\Local\Microsoft\WindowsApps;;C:\Program Files\Docker Toolbox;."/>
    <property name="maven.conf" value="C:\apache-maven-3.6.3\bin\../conf"/>
    <property name="jdk.debug" value="release"/>
    <property name="java.class.version" value="56.0"/>
    <property name="java.specification.name" value="Java Platform API Specification"/>
    <property name="sun.management.compiler" value="HotSpot 64-Bit Tiered Compilers"/>
    <property name="os.version" value="10.0"/>
    <property name="library.jansi.path" value="C:\apache-maven-3.6.3\bin\..\lib\jansi-native"/>
    <property name="user.home" value="C:\Users\anton"/>
    <property name="user.timezone" value="GMT+02:00"/>
    <property name="file.encoding" value="Cp1252"/>
    <property name="java.specification.version" value="12"/>
    <property name="user.name" value="anton"/>
    <property name="java.class.path" value="C:\apache-maven-3.6.3\bin\..\boot\plexus-classworlds-2.6.0.jar"/>
    <property name="java.vm.specification.version" value="12"/>
    <property name="sun.arch.data.model" value="64"/>
    <property name="sun.java.command" value="org.codehaus.plexus.classworlds.launcher.Launcher test"/>
    <property name="java.home" value="C:\Program Files\Java\jdk-12.0.2"/>
    <property name="user.language" value="it"/>
    <property name="java.specification.vendor" value="Oracle Corporation"/>
    <property name="awt.toolkit" value="sun.awt.windows.WToolkit"/>
    <property name="java.vm.info" value="mixed mode, sharing"/>
    <property name="java.version" value="12.0.2"/>
    <property name="java.vendor" value="Oracle Corporation"/>
    <property name="sun.stderr.encoding" value="cp850"/>
    <property name="maven.home" value="C:\apache-maven-3.6.3\bin\.."/>
    <property name="file.separator" value="\"/>
    <property name="java.version.date" value="2019-07-16"/>
    <property name="java.vendor.url.bug" value="https://bugreport.java.com/bugreport/"/>
    <property name="sun.io.unicode.encoding" value="UnicodeLittle"/>
    <property name="sun.cpu.endian" value="little"/>
    <property name="sun.stdout.encoding" value="cp850"/>
    <property name="sun.desktop" value="windows"/>
    <property name="sun.cpu.isalist" value="amd64"/>
  </properties>
  <testcase classname="Scenario: HW2 prova del comando aiuto" name="Given Ho iniziato la partita" time="0.003"/>
  <testcase classname="Scenario: HW2 prova del comando aiuto" name="When ho digitato &quot;aiuto&quot;" time="0"/>
  <testcase classname="Scenario: HW2 prova del comando aiuto" name="And il programma ha stampato&quot;vai,aiuto,fine,prendi,posa,guarda&quot;" time="0"/>
  <testcase classname="Scenario: HW2 prova del comando aiuto" name="When ho digitato &quot;fine&quot;" time="0"/>
  <testcase classname="Scenario: HW2 prova del comando aiuto" name="And la partita e finita" time="0"/>
  <testcase classname="Scenario: HW2 prova del comando aiuto" name="Then la riga &quot;1&quot; ha stampato &quot;vai&quot;" time="0"/>
  <testcase classname="Scenario: HW2 prova del comando aiuto" name="And la riga &quot;1&quot; ha stampato &quot;aiuto&quot;" time="0"/>
  <testcase classname="Scenario: HW2 prova del comando aiuto" name="And la riga &quot;1&quot; ha stampato &quot;prendi&quot;" time="0.001"/>
  <testcase classname="Scenario: HW2 prova del comando aiuto" name="And la riga &quot;1&quot; ha stampato &quot;posa&quot;" time="0"/>
  <testcase classname="Scenario: HW2 prova del comando aiuto" name="And la riga &quot;1&quot; ha stampato &quot;guarda&quot;" time="0"/>
  <testcase classname="Scenario: HW2 prova del comando aiuto" name="And la riga &quot;1&quot; ha stampato &quot;fine&quot;" time="0"/>
  <testcase classname="Scenario: HW2 prova del comando aiuto" name="And il programma ha stampato &quot;Grazie di aver giocato!&quot;" time="0"/>
  <testcase classname="Scenario: HW2 prova del comando aiuto" name="Scenario: HW2 prova del comando aiuto" time="0"/>
  <testcase classname="Scenario: HW2 prova del comando fine" name="Given Ho iniziato la partita" time="0"/>
  <testcase classname="Scenario: HW2 prova del comando fine" name="When ho digitato &quot;fine&quot;" time="0"/>
  <testcase classname="Scenario: HW2 prova del comando fine" name="And il programma ha stampato&quot;Grazie di aver giocato!&quot;" time="0"/>
  <testcase classname="Scenario: HW2 prova del comando fine" name="And la partita e finita" time="0"/>
  <testcase classname="Scenario: HW2 prova del comando fine" name="Then il programma ha stampato &quot;Grazie di aver giocato!&quot;" time="0"/>
  <testcase classname="Scenario: HW2 prova del comando fine" name="Scenario: HW2 prova del comando fine" time="0"/>
  <testcase classname="Scenario: Homework 2 caso digita vai est" name="Given Ho iniziato la partita" time="0"/>
  <testcase classname="Scenario: Homework 2 caso digita vai est" name="When ho digitato &quot;vai est&quot;" time="0"/>
  <testcase classname="Scenario: Homework 2 caso digita vai est" name="And il programma ha stampato&quot;Aula N11&quot;" time="0"/>
  <testcase classname="Scenario: Homework 2 caso digita vai est" name="When ho digitato &quot;fine&quot;" time="0"/>
  <testcase classname="Scenario: Homework 2 caso digita vai est" name="And la partita e finita" time="0"/>
  <testcase classname="Scenario: Homework 2 caso digita vai est" name="Then la riga &quot;1&quot; ha stampato &quot;N11&quot;" time="0"/>
  <testcase classname="Scenario: Homework 2 caso digita vai est" name="And il programma ha stampato &quot;Grazie di aver giocato!&quot;" time="0"/>
  <testcase classname="Scenario: Homework 2 caso digita vai est" name="Scenario: Homework 2 caso digita vai est" time="0"/>
  <testcase classname="Scenario: Homework 2 caso digita vai ovest" name="Given Ho iniziato la partita" time="0"/>
  <testcase classname="Scenario: Homework 2 caso digita vai ovest" name="When ho digitato &quot;vai ovest&quot;" time="0"/>
  <testcase classname="Scenario: Homework 2 caso digita vai ovest" name="And il programma ha stampato&quot;Sei in Laboratorio Campus&quot;" time="0"/>
  <testcase classname="Scenario: Homework 2 caso digita vai ovest" name="When ho digitato &quot;fine&quot;" time="0"/>
  <testcase classname="Scenario: Homework 2 caso digita vai ovest" name="And la partita e finita" time="0"/>
  <testcase classname="Scenario: Homework 2 caso digita vai ovest" name="Then la riga &quot;1&quot; ha stampato &quot;Laboratorio Campus&quot;" time="0"/>
  <testcase classname="Scenario: Homework 2 caso digita vai ovest" name="And il programma ha stampato &quot;Grazie di aver giocato!&quot;" time="0"/>
  <testcase classname="Scenario: Homework 2 caso digita vai ovest" name="Scenario: Homework 2 caso digita vai ovest" time="0"/>
  <testcase classname="Scenario: Homework 2 caso digita vai nord e vittoria" name="Given Ho iniziato la partita" time="0"/>
  <testcase classname="Scenario: Homework 2 caso digita vai nord e vittoria" name="When ho digitato &quot;vai nord&quot;" time="0"/>
  <testcase classname="Scenario: Homework 2 caso digita vai nord e vittoria" name="And il programma ha stampato&quot;Sei in Biblioteca&quot;" time="0"/>
  <testcase classname="Scenario: Homework 2 caso digita vai nord e vittoria" name="When ho digitato &quot;fine&quot;" time="0"/>
  <testcase classname="Scenario: Homework 2 caso digita vai nord e vittoria" name="And la partita e finita" time="0"/>
  <testcase classname="Scenario: Homework 2 caso digita vai nord e vittoria" name="Then la riga &quot;1&quot; ha stampato &quot;Biblioteca&quot;" time="0"/>
  <testcase classname="Scenario: Homework 2 caso digita vai nord e vittoria" name="And il programma ha stampato &quot;Hai vinto&quot;" time="0"/>
  <testcase classname="Scenario: Homework 2 caso digita vai nord e vittoria" name="Scenario: Homework 2 caso digita vai nord e vittoria" time="0.001"/>
  <testcase classname="Scenario: Homework 2 caso digita vai ovest 2 volte" name="Given Ho iniziato la partita" time="0"/>
  <testcase classname="Scenario: Homework 2 caso digita vai ovest 2 volte" name="When ho digitato &quot;vai ovest&quot;" time="0"/>
  <testcase classname="Scenario: Homework 2 caso digita vai ovest 2 volte" name="And il programma ha stampato&quot;Sei in Laboratorio Campus&quot;" time="0"/>
  <testcase classname="Scenario: Homework 2 caso digita vai ovest 2 volte" name="When ho digitato &quot;vai ovest&quot;" time="0"/>
  <testcase classname="Scenario: Homework 2 caso digita vai ovest 2 volte" name="And il programma ha stampato&quot;Sei in Aula N11&quot;" time="0"/>
  <testcase classname="Scenario: Homework 2 caso digita vai ovest 2 volte" name="When ho digitato &quot;fine&quot;" time="0"/>
  <testcase classname="Scenario: Homework 2 caso digita vai ovest 2 volte" name="And la partita e finita" time="0"/>
  <testcase classname="Scenario: Homework 2 caso digita vai ovest 2 volte" name="Then la riga &quot;1&quot; ha stampato &quot;Laboratorio Campus&quot;" time="0"/>
  <testcase classname="Scenario: Homework 2 caso digita vai ovest 2 volte" name="And la riga &quot;2&quot; ha stampato &quot;N11&quot;" time="0"/>
  <testcase classname="Scenario: Homework 2 caso digita vai ovest 2 volte" name="And il programma ha stampato &quot;Grazie di aver giocato!&quot;" time="0"/>
  <testcase classname="Scenario: Homework 2 caso digita vai ovest 2 volte" name="Scenario: Homework 2 caso digita vai ovest 2 volte" time="0"/>
  <testcase classname="Scenario: Homework 2 caso stanza bloccata" name="Given Ho iniziato la partita" time="0"/>
  <testcase classname="Scenario: Homework 2 caso stanza bloccata" name="When ho digitato &quot;vai est&quot;" time="0"/>
  <testcase classname="Scenario: Homework 2 caso stanza bloccata" name="And il programma ha stampato&quot;Sei in Aula N11&quot;" time="0"/>
  <testcase classname="Scenario: Homework 2 caso stanza bloccata" name="When ho digitato &quot;vai sud&quot;" time="0"/>
  <testcase classname="Scenario: Homework 2 caso stanza bloccata" name="And il programma ha stampato&quot;Sei in Bloccata&quot;" time="0"/>
  <testcase classname="Scenario: Homework 2 caso stanza bloccata" name="When ho digitato &quot;vai nord&quot;" time="0"/>
  <testcase classname="Scenario: Homework 2 caso stanza bloccata" name="And il programma ha stampato&quot;Sei in Bloccata&quot;" time="0"/>
  <testcase classname="Scenario: Homework 2 caso stanza bloccata" name="When ho digitato &quot;fine&quot;" time="0"/>
  <testcase classname="Scenario: Homework 2 caso stanza bloccata" name="And la partita e finita" time="0"/>
  <testcase classname="Scenario: Homework 2 caso stanza bloccata" name="Then la riga &quot;1&quot; ha stampato &quot;N11&quot;" time="0"/>
  <testcase classname="Scenario: Homework 2 caso stanza bloccata" name="And la riga &quot;2&quot; ha stampato &quot;Bloccata&quot;" time="0"/>
  <testcase classname="Scenario: Homework 2 caso stanza bloccata" name="And la riga &quot;3&quot; ha stampato &quot;Bloccata&quot;" time="0"/>
  <testcase classname="Scenario: Homework 2 caso stanza bloccata" name="And il programma ha stampato &quot;Grazie di aver giocato!&quot;" time="0"/>
  <testcase classname="Scenario: Homework 2 caso stanza bloccata" name="Scenario: Homework 2 caso stanza bloccata" time="0"/>
  <testcase classname="Scenario: Homework 2 caso stanza bloccata con chiave" name="Given Ho iniziato la partita" time="0"/>
  <testcase classname="Scenario: Homework 2 caso stanza bloccata con chiave" name="When ho digitato &quot;prendi chiave&quot;" time="0"/>
  <testcase classname="Scenario: Homework 2 caso stanza bloccata con chiave" name="And il programma ha stampato&quot;oggetto messo nella borsa correttamente!&quot;" time="0"/>
  <testcase classname="Scenario: Homework 2 caso stanza bloccata con chiave" name="When ho digitato &quot;vai est&quot;" time="0"/>
  <testcase classname="Scenario: Homework 2 caso stanza bloccata con chiave" name="And il programma ha stampato&quot;Sei in Aula N11&quot;" time="0"/>
  <testcase classname="Scenario: Homework 2 caso stanza bloccata con chiave" name="When ho digitato &quot;vai sud&quot;" time="0"/>
  <testcase classname="Scenario: Homework 2 caso stanza bloccata con chiave" name="And il programma ha stampato&quot;Sei in Bloccata&quot;" time="0"/>
  <testcase classname="Scenario: Homework 2 caso stanza bloccata con chiave" name="When ho digitato &quot;posa chiave&quot;" time="0"/>
  <testcase classname="Scenario: Homework 2 caso stanza bloccata con chiave" name="And il programma ha stampato&quot;L&apos; oggetto:chiave � stato posato correttamente&quot;" time="0"/>
  <testcase classname="Scenario: Homework 2 caso stanza bloccata con chiave" name="When ho digitato &quot;vai nord&quot;" time="0"/>
  <testcase classname="Scenario: Homework 2 caso stanza bloccata con chiave" name="And il programma ha stampato&quot;Sei in Aula N11&quot;" time="0"/>
  <testcase classname="Scenario: Homework 2 caso stanza bloccata con chiave" name="When ho digitato &quot;fine&quot;" time="0"/>
  <testcase classname="Scenario: Homework 2 caso stanza bloccata con chiave" name="And la partita e finita" time="0"/>
  <testcase classname="Scenario: Homework 2 caso stanza bloccata con chiave" name="Then la riga &quot;1&quot; ha stampato &quot;correttamente&quot;" time="0"/>
  <testcase classname="Scenario: Homework 2 caso stanza bloccata con chiave" name="And la riga &quot;2&quot; ha stampato &quot;N11&quot;" time="0"/>
  <testcase classname="Scenario: Homework 2 caso stanza bloccata con chiave" name="And la riga &quot;3&quot; ha stampato &quot;Bloccata&quot;" time="0"/>
  <testcase classname="Scenario: Homework 2 caso stanza bloccata con chiave" name="And la riga &quot;4&quot; ha stampato &quot;chiave&quot;" time="0"/>
  <testcase classname="Scenario: Homework 2 caso stanza bloccata con chiave" name="And la riga &quot;4&quot; ha stampato &quot;posato correttamente&quot;" time="0"/>
  <testcase classname="Scenario: Homework 2 caso stanza bloccata con chiave" name="And la riga &quot;5&quot; ha stampato &quot;N11&quot;" time="0"/>
  <testcase classname="Scenario: Homework 2 caso stanza bloccata con chiave" name="And il programma ha stampato &quot;Grazie di aver giocato!&quot;" time="0"/>
  <testcase classname="Scenario: Homework 2 caso stanza bloccata con chiave" name="Scenario: Homework 2 caso stanza bloccata con chiave" time="0.001"/>
  <testcase classname="Scenario: Homework 2 caso stanza buia" name="Given Ho iniziato la partita" time="0"/>
  <testcase classname="Scenario: Homework 2 caso stanza buia" name="When ho digitato &quot;vai est&quot;" time="0"/>
  <testcase classname="Scenario: Homework 2 caso stanza buia" name="And il programma ha stampato&quot;Sei in N11&quot;" time="0"/>
  <testcase classname="Scenario: Homework 2 caso stanza buia" name="When ho digitato &quot;vai nord&quot;" time="0"/>
  <testcase classname="Scenario: Homework 2 caso stanza buia" name="And il programma ha stampato&quot;Sei in Buia&quot;" time="0"/>
  <testcase classname="Scenario: Homework 2 caso stanza buia" name="When ho digitato &quot;guarda&quot;" time="0"/>
  <testcase classname="Scenario: Homework 2 caso stanza buia" name="And il programma ha stampato&quot;qui c&apos;� un buio pesto!&quot;" time="0"/>
  <testcase classname="Scenario: Homework 2 caso stanza buia" name="When ho digitato &quot;fine&quot;" time="0.001"/>
  <testcase classname="Scenario: Homework 2 caso stanza buia" name="And la partita e finita" time="0"/>
  <testcase classname="Scenario: Homework 2 caso stanza buia" name="Then la riga &quot;1&quot; ha stampato &quot;N11&quot;" time="0"/>
  <testcase classname="Scenario: Homework 2 caso stanza buia" name="And la riga &quot;2&quot; ha stampato &quot;Buia&quot;" time="0.001"/>
  <testcase classname="Scenario: Homework 2 caso stanza buia" name="And la riga &quot;3&quot; ha stampato &quot;buio&quot;" time="0"/>
  <testcase classname="Scenario: Homework 2 caso stanza buia" name="And il programma ha stampato &quot;Grazie di aver giocato!&quot;" time="0"/>
  <testcase classname="Scenario: Homework 2 caso stanza buia" name="Scenario: Homework 2 caso stanza buia" time="0"/>
</testsuite>